Start testing: Apr 13 04:13 CEST
----------------------------------------------------------
1/2 Testing: test_execution_trace_parcing
1/2 Test: test_execution_trace_parcing
Command: "/home/jk/execution-log-parser/test_execution_trace_parcing"
Directory: /home/jk/execution-log-parser
"test_execution_trace_parcing" start time: Apr 13 04:13 CEST
Output:
----------------------------------------------------------
[==========] Running 1 test from 1 test suite.
[----------] Global test environment set-up.
[----------] 1 test from ParseLogFunctionalTest
[ RUN      ] ParseLogFunctionalTest.ParseLogFromFile
pwd:"/home/jk/execution-log-parser"
  Trace Entry ID: 6, Thread ID: 2, Action Type: atomic write, Memory Order: relaxed, Location: 000000000040406C, Value: 0x1, RF: 
  Trace Entry ID: 7, Thread ID: 2, Action Type: atomic write, Memory Order: relaxed, Location: 000000000040406C, Value: 0x2, RF: 
  Trace Entry ID: 8, Thread ID: 3, Action Type: atomic write, Memory Order: relaxed, Location: 0000000000404070, Value: 0x1, RF: 
  Trace Entry ID: 9, Thread ID: 3, Action Type: atomic write, Memory Order: relaxed, Location: 0000000000404070, Value: 0x2, RF: 
  Trace Entry ID: 10, Thread ID: 2, Action Type: atomic read, Memory Order: relaxed, Location: 0000000000404070, Value: 0x2, RF: 9
  Trace Entry ID: 12, Thread ID: 3, Action Type: atomic read, Memory Order: relaxed, Location: 000000000040406C, Value: 0x1, RF: 6
  Trace Entry ID: 6, Thread ID: 2, Action Type: atomic write, Memory Order: relaxed, Location: 000000000040406C, Value: 0x1, RF: 
  Trace Entry ID: 7, Thread ID: 2, Action Type: atomic write, Memory Order: relaxed, Location: 000000000040406C, Value: 0x2, RF: 
  Trace Entry ID: 8, Thread ID: 3, Action Type: atomic write, Memory Order: relaxed, Location: 0000000000404070, Value: 0x1, RF: 
  Trace Entry ID: 9, Thread ID: 3, Action Type: atomic write, Memory Order: relaxed, Location: 0000000000404070, Value: 0x2, RF: 
  Trace Entry ID: 10, Thread ID: 3, Action Type: atomic read, Memory Order: relaxed, Location: 000000000040406C, Value: 0x1, RF: 6
  Trace Entry ID: 12, Thread ID: 2, Action Type: atomic read, Memory Order: relaxed, Location: 0000000000404070, Value: 0x1, RF: 8
  Trace Entry ID: 6, Thread ID: 2, Action Type: atomic write, Memory Order: relaxed, Location: 000000000040406C, Value: 0x1, RF: 
  Trace Entry ID: 7, Thread ID: 2, Action Type: atomic write, Memory Order: relaxed, Location: 000000000040406C, Value: 0x2, RF: 
  Trace Entry ID: 8, Thread ID: 3, Action Type: atomic write, Memory Order: relaxed, Location: 0000000000404070, Value: 0x1, RF: 
  Trace Entry ID: 9, Thread ID: 3, Action Type: atomic write, Memory Order: relaxed, Location: 0000000000404070, Value: 0x2, RF: 
  Trace Entry ID: 10, Thread ID: 2, Action Type: atomic read, Memory Order: relaxed, Location: 0000000000404070, Value: 0x1, RF: 8
  Trace Entry ID: 12, Thread ID: 3, Action Type: atomic read, Memory Order: relaxed, Location: 000000000040406C, Value: 0x1, RF: 6
  Trace Entry ID: 17, Thread ID: 7, Action Type: atomic rmw, Memory Order: seq_cst, Location: 0000000000611C00, Value: 0x0, RF: 717142
  Trace Entry ID: 6, Thread ID: 2, Action Type: atomic write, Memory Order: relaxed, Location: 000000000040406C, Value: 0x1, RF: 
  Trace Entry ID: 7, Thread ID: 2, Action Type: atomic write, Memory Order: relaxed, Location: 000000000040406C, Value: 0x2, RF: 
  Trace Entry ID: 8, Thread ID: 3, Action Type: atomic write, Memory Order: relaxed, Location: 0000000000404070, Value: 0x1, RF: 
  Trace Entry ID: 9, Thread ID: 3, Action Type: atomic write, Memory Order: relaxed, Location: 0000000000404070, Value: 0x2, RF: 
  Trace Entry ID: 10, Thread ID: 2, Action Type: atomic read, Memory Order: relaxed, Location: 0000000000404070, Value: 0x2, RF: 9
  Trace Entry ID: 13, Thread ID: 3, Action Type: atomic read, Memory Order: relaxed, Location: 000000000040406C, Value: 0x1, RF: 6
  Trace Entry ID: 6, Thread ID: 2, Action Type: atomic write, Memory Order: relaxed, Location: 000000000040406C, Value: 0x1, RF: 
  Trace Entry ID: 7, Thread ID: 2, Action Type: atomic write, Memory Order: relaxed, Location: 000000000040406C, Value: 0x2, RF: 
  Trace Entry ID: 8, Thread ID: 3, Action Type: atomic write, Memory Order: relaxed, Location: 0000000000404070, Value: 0x1, RF: 
  Trace Entry ID: 9, Thread ID: 3, Action Type: atomic write, Memory Order: relaxed, Location: 0000000000404070, Value: 0x2, RF: 
  Trace Entry ID: 10, Thread ID: 3, Action Type: atomic read, Memory Order: relaxed, Location: 000000000040406C, Value: 0x2, RF: 7
  Trace Entry ID: 12, Thread ID: 2, Action Type: atomic read, Memory Order: relaxed, Location: 0000000000404070, Value: 0x2, RF: 9
  Trace Entry ID: 6, Thread ID: 2, Action Type: atomic write, Memory Order: relaxed, Location: 000000000040406C, Value: 0x1, RF: 
  Trace Entry ID: 7, Thread ID: 2, Action Type: atomic write, Memory Order: relaxed, Location: 000000000040406C, Value: 0x2, RF: 
  Trace Entry ID: 8, Thread ID: 3, Action Type: atomic write, Memory Order: relaxed, Location: 0000000000404070, Value: 0x1, RF: 
  Trace Entry ID: 9, Thread ID: 3, Action Type: atomic write, Memory Order: relaxed, Location: 0000000000404070, Value: 0x2, RF: 
  Trace Entry ID: 10, Thread ID: 2, Action Type: atomic read, Memory Order: relaxed, Location: 0000000000404070, Value: 0x2, RF: 9
  Trace Entry ID: 13, Thread ID: 3, Action Type: atomic read, Memory Order: relaxed, Location: 000000000040406C, Value: 0x2, RF: 7
  Trace Entry ID: 6, Thread ID: 2, Action Type: atomic write, Memory Order: relaxed, Location: 000000000040406C, Value: 0x1, RF: 
  Trace Entry ID: 7, Thread ID: 2, Action Type: atomic write, Memory Order: relaxed, Location: 000000000040406C, Value: 0x2, RF: 
  Trace Entry ID: 8, Thread ID: 3, Action Type: atomic write, Memory Order: relaxed, Location: 0000000000404070, Value: 0x1, RF: 
  Trace Entry ID: 9, Thread ID: 3, Action Type: atomic write, Memory Order: relaxed, Location: 0000000000404070, Value: 0x2, RF: 
  Trace Entry ID: 10, Thread ID: 3, Action Type: atomic read, Memory Order: relaxed, Location: 000000000040406C, Value: 0x2, RF: 7
  Trace Entry ID: 12, Thread ID: 2, Action Type: atomic read, Memory Order: relaxed, Location: 0000000000404070, Value: 0x2, RF: 9
  Trace Entry ID: 6, Thread ID: 2, Action Type: atomic write, Memory Order: relaxed, Location: 000000000040406C, Value: 0x1, RF: 
  Trace Entry ID: 7, Thread ID: 2, Action Type: atomic write, Memory Order: relaxed, Location: 000000000040406C, Value: 0x2, RF: 
  Trace Entry ID: 8, Thread ID: 3, Action Type: atomic write, Memory Order: relaxed, Location: 0000000000404070, Value: 0x1, RF: 
  Trace Entry ID: 9, Thread ID: 3, Action Type: atomic write, Memory Order: relaxed, Location: 0000000000404070, Value: 0x2, RF: 
  Trace Entry ID: 10, Thread ID: 2, Action Type: atomic read, Memory Order: relaxed, Location: 0000000000404070, Value: 0x1, RF: 8
  Trace Entry ID: 13, Thread ID: 3, Action Type: atomic read, Memory Order: relaxed, Location: 000000000040406C, Value: 0x1, RF: 6
  Trace Entry ID: 6, Thread ID: 2, Action Type: atomic write, Memory Order: relaxed, Location: 000000000040406C, Value: 0x1, RF: 
  Trace Entry ID: 7, Thread ID: 2, Action Type: atomic write, Memory Order: relaxed, Location: 000000000040406C, Value: 0x2, RF: 
  Trace Entry ID: 8, Thread ID: 3, Action Type: atomic write, Memory Order: relaxed, Location: 0000000000404070, Value: 0x1, RF: 
  Trace Entry ID: 9, Thread ID: 3, Action Type: atomic write, Memory Order: relaxed, Location: 0000000000404070, Value: 0x2, RF: 
  Trace Entry ID: 10, Thread ID: 3, Action Type: atomic read, Memory Order: relaxed, Location: 000000000040406C, Value: 0x1, RF: 6
  Trace Entry ID: 12, Thread ID: 2, Action Type: atomic read, Memory Order: relaxed, Location: 0000000000404070, Value: 0x1, RF: 8
  Trace Entry ID: 6, Thread ID: 2, Action Type: atomic write, Memory Order: relaxed, Location: 000000000040406C, Value: 0x1, RF: 
  Trace Entry ID: 7, Thread ID: 2, Action Type: atomic write, Memory Order: relaxed, Location: 000000000040406C, Value: 0x2, RF: 
  Trace Entry ID: 8, Thread ID: 3, Action Type: atomic write, Memory Order: relaxed, Location: 0000000000404070, Value: 0x1, RF: 
  Trace Entry ID: 9, Thread ID: 3, Action Type: atomic write, Memory Order: relaxed, Location: 0000000000404070, Value: 0x2, RF: 
  Trace Entry ID: 10, Thread ID: 2, Action Type: atomic read, Memory Order: relaxed, Location: 0000000000404070, Value: 0x1, RF: 8
  Trace Entry ID: 13, Thread ID: 3, Action Type: atomic read, Memory Order: relaxed, Location: 000000000040406C, Value: 0x1, RF: 6
[       OK ] ParseLogFunctionalTest.ParseLogFromFile (0 ms)
[----------] 1 test from ParseLogFunctionalTest (0 ms total)

[----------] Global test environment tear-down
[==========] 1 test from 1 test suite ran. (0 ms total)
[  PASSED  ] 1 test.
<end of output>
Test time =   0.00 sec
----------------------------------------------------------
Test Passed.
"test_execution_trace_parcing" end time: Apr 13 04:13 CEST
"test_execution_trace_parcing" time elapsed: 00:00:00
----------------------------------------------------------

2/2 Testing: test_sequential_consistency
2/2 Test: test_sequential_consistency
Command: "/home/jk/execution-log-parser/test_sequential_consistency"
Directory: /home/jk/execution-log-parser
"test_sequential_consistency" start time: Apr 13 04:13 CEST
Output:
----------------------------------------------------------
[==========] Running 1 test from 1 test suite.
[----------] Global test environment set-up.
[----------] 1 test from SequentialConsistencyTest
[ RUN      ] SequentialConsistencyTest.test_seq_consistent
pwd:"/home/jk/execution-log-parser"
Time taken to categorize entries: 3.7677e-05 seconds
Time taken to build PO edges: 3.331e-06 seconds
Time taken to build RF edges: 1.7454e-05 seconds
9
7
Time taken to build MO edges: 1.0849e-05 seconds
Time taken to build FR edges: 1.596e-06 seconds
Time taken to build graph: 0.000122408 seconds
Time taken to categorize entries: 3.942e-06 seconds
Time taken to build PO edges: 1.947e-06 seconds
Time taken to build RF edges: 3.235e-06 seconds
9
7
Time taken to build MO edges: 2.2109e-05 seconds
Time taken to build FR edges: 2.179e-06 seconds
Time taken to build graph: 5.5511e-05 seconds
Time taken to categorize entries: 4.821e-06 seconds
Time taken to build PO edges: 1.919e-06 seconds
Time taken to build RF edges: 3.803e-06 seconds
9
7
Time taken to build MO edges: 2.2961e-05 seconds
Time taken to build FR edges: 2.582e-06 seconds
Time taken to build graph: 5.7631e-05 seconds
Time taken to categorize entries: 4.055e-06 seconds
Time taken to build PO edges: 1.982e-06 seconds
Time taken to build RF edges: 3.196e-06 seconds
9
7
Time taken to build MO edges: 2.1754e-05 seconds
Time taken to build FR edges: 1.961e-06 seconds
Time taken to build graph: 5.4671e-05 seconds
Time taken to categorize entries: 4.306e-06 seconds
Time taken to build PO edges: 1.914e-06 seconds
Time taken to build RF edges: 3.149e-06 seconds
9
7
Time taken to build MO edges: 7.552e-06 seconds
Time taken to build FR edges: 7.96e-07 seconds
Time taken to build graph: 3.8152e-05 seconds
Time taken to categorize entries: 3.709e-06 seconds
Time taken to build PO edges: 1.918e-06 seconds
Time taken to build RF edges: 3.125e-06 seconds
9
7
Time taken to build MO edges: 7.226e-06 seconds
Time taken to build FR edges: 8.03e-07 seconds
Time taken to build graph: 3.8755e-05 seconds
Time taken to categorize entries: 1.6658e-05 seconds
Time taken to build PO edges: 1.39e-06 seconds
Time taken to build RF edges: 2.125e-06 seconds
9
7
Time taken to build MO edges: 4.715e-06 seconds
Time taken to build FR edges: 6.09e-07 seconds
Time taken to build graph: 2.9981e-05 seconds
Time taken to categorize entries: 3.198e-06 seconds
Time taken to build PO edges: 1.349e-06 seconds
Time taken to build RF edges: 2.021e-06 seconds
9
7
Time taken to build MO edges: 5.006e-06 seconds
Time taken to build FR edges: 1.207e-06 seconds
Time taken to build graph: 1.8585e-05 seconds
Time taken to categorize entries: 3.019e-06 seconds
Time taken to build PO edges: 1.905e-06 seconds
Time taken to build RF edges: 3.112e-06 seconds
9
7
Time taken to build MO edges: 7.275e-06 seconds
Time taken to build FR edges: 1.307e-06 seconds
Time taken to build graph: 3.987e-05 seconds
Time taken to categorize entries: 3.89e-06 seconds
Time taken to build PO edges: 1.92e-06 seconds
Time taken to build RF edges: 3.215e-06 seconds
9
7
Time taken to build MO edges: 7.275e-06 seconds
Time taken to build FR edges: 1.378e-06 seconds
Time taken to build graph: 6.3785e-05 seconds
pwd:"/home/jk/execution-log-parser"
Time taken to categorize entries: 1.1638e-05 seconds
Time taken to build PO edges: 4.315e-06 seconds
Time taken to build RF edges: 6.381e-06 seconds
13
12
7
16
6
19
Time taken to build MO edges: 3.0228e-05 seconds
Time taken to build FR edges: 1.409e-06 seconds
Time taken to build graph: 7.5711e-05 seconds
Time taken to categorize entries: 8.838e-06 seconds
Time taken to build PO edges: 3.466e-06 seconds
Time taken to build RF edges: 5.016e-06 seconds
13
12
7
17
6
19
Time taken to build MO edges: 1.204e-05 seconds
Time taken to build FR edges: 1.239e-06 seconds
Time taken to build graph: 3.5086e-05 seconds
Time taken to categorize entries: 7.972e-06 seconds
Time taken to build PO edges: 4.065e-06 seconds
Time taken to build RF edges: 5.858e-06 seconds
13
12
7
16
6
18
Time taken to build MO edges: 2.9473e-05 seconds
Time taken to build FR edges: 2.46e-06 seconds
Time taken to build graph: 8.4428e-05 seconds
Time taken to categorize entries: 9.244e-06 seconds
Time taken to build PO edges: 4.017e-06 seconds
Time taken to build RF edges: 5.728e-06 seconds
13
12
7
17
6
19
Time taken to build MO edges: 2.9152e-05 seconds
Time taken to build FR edges: 2.04e-06 seconds
Time taken to build graph: 8.4299e-05 seconds
Time taken to categorize entries: 8.487e-06 seconds
Time taken to build PO edges: 4.179e-06 seconds
Time taken to build RF edges: 5.71e-06 seconds
13
12
7
16
6
19
Time taken to build MO edges: 2.9266e-05 seconds
Time taken to build FR edges: 2.153e-06 seconds
Time taken to build graph: 8.4805e-05 seconds
Time taken to categorize entries: 8.979e-06 seconds
Time taken to build PO edges: 3.96e-06 seconds
Time taken to build RF edges: 5.767e-06 seconds
13
12
7
16
6
19
Time taken to build MO edges: 2.9809e-05 seconds
Time taken to build FR edges: 1.735e-06 seconds
Time taken to build graph: 8.4741e-05 seconds
Time taken to categorize entries: 8.771e-06 seconds
Time taken to build PO edges: 4.035e-06 seconds
Time taken to build RF edges: 5.597e-06 seconds
13
12
7
17
6
19
Time taken to build MO edges: 2.9671e-05 seconds
Time taken to build FR edges: 2.396e-06 seconds
Time taken to build graph: 8.4909e-05 seconds
Time taken to categorize entries: 8.645e-06 seconds
Time taken to build PO edges: 4.065e-06 seconds
Time taken to build RF edges: 6.092e-06 seconds
13
12
7
17
6
19
Time taken to build MO edges: 2.9275e-05 seconds
Time taken to build FR edges: 2.104e-06 seconds
Time taken to build graph: 8.5183e-05 seconds
Time taken to categorize entries: 8.706e-06 seconds
Time taken to build PO edges: 3.993e-06 seconds
Time taken to build RF edges: 5.832e-06 seconds
13
12
7
17
6
19
Time taken to build MO edges: 2.9262e-05 seconds
Time taken to build FR edges: 2.274e-06 seconds
Time taken to build graph: 8.5417e-05 seconds
Time taken to categorize entries: 8.842e-06 seconds
Time taken to build PO edges: 4.041e-06 seconds
Time taken to build RF edges: 5.936e-06 seconds
13
12
7
16
6
18
Time taken to build MO edges: 2.9433e-05 seconds
Time taken to build FR edges: 1.762e-06 seconds
Time taken to build graph: 8.4935e-05 seconds
pwd:"/home/jk/execution-log-parser"
Time taken to categorize entries: 4.037e-06 seconds
Time taken to build PO edges: 2.467e-06 seconds
Time taken to build RF edges: 3.862e-06 seconds
9
7
Time taken to build MO edges: 2.8528e-05 seconds
Time taken to build FR edges: 2.15e-06 seconds
Time taken to build graph: 6.9627e-05 seconds
Time taken to categorize entries: 6.273e-06 seconds
Time taken to build PO edges: 1.916e-06 seconds
Time taken to build RF edges: 3.437e-06 seconds
9
7
Time taken to build MO edges: 9.579e-06 seconds
Time taken to build FR edges: 7.85e-07 seconds
Time taken to build graph: 4.6962e-05 seconds
Time taken to categorize entries: 3.986e-06 seconds
Time taken to build PO edges: 1.886e-06 seconds
Time taken to build RF edges: 3.007e-06 seconds
9
7
Time taken to build MO edges: 2.3081e-05 seconds
Time taken to build FR edges: 1.418e-06 seconds
Time taken to build graph: 5.7603e-05 seconds
Time taken to categorize entries: 4.268e-06 seconds
Time taken to build PO edges: 1.9e-06 seconds
Time taken to build RF edges: 3.331e-06 seconds
9
7
Time taken to build MO edges: 2.3482e-05 seconds
Time taken to build FR edges: 1.341e-06 seconds
Time taken to build graph: 5.7165e-05 seconds
Time taken to categorize entries: 4.224e-06 seconds
Time taken to build PO edges: 1.911e-06 seconds
Time taken to build RF edges: 3.133e-06 seconds
9
7
Time taken to build MO edges: 2.1936e-05 seconds
Time taken to build FR edges: 1.947e-06 seconds
Time taken to build graph: 5.5771e-05 seconds
Time taken to categorize entries: 4.189e-06 seconds
Time taken to build PO edges: 1.865e-06 seconds
Time taken to build RF edges: 2.977e-06 seconds
9
7
Time taken to build MO edges: 2.311e-05 seconds
Time taken to build FR edges: 1.274e-06 seconds
Time taken to build graph: 5.4362e-05 seconds
Time taken to categorize entries: 4.306e-06 seconds
Time taken to build PO edges: 1.921e-06 seconds
Time taken to build RF edges: 3.137e-06 seconds
9
7
Time taken to build MO edges: 2.2083e-05 seconds
Time taken to build FR edges: 1.978e-06 seconds
Time taken to build graph: 6.6133e-05 seconds
Time taken to categorize entries: 4.167e-06 seconds
Time taken to build PO edges: 1.881e-06 seconds
Time taken to build RF edges: 3.207e-06 seconds
9
7
Time taken to build MO edges: 2.2748e-05 seconds
Time taken to build FR edges: 1.332e-06 seconds
Time taken to build graph: 5.4392e-05 seconds
Time taken to categorize entries: 4.245e-06 seconds
Time taken to build PO edges: 1.88e-06 seconds
Time taken to build RF edges: 3.121e-06 seconds
9
7
Time taken to build MO edges: 7.552e-06 seconds
Time taken to build FR edges: 1.149e-06 seconds
Time taken to build graph: 3.8063e-05 seconds
Time taken to categorize entries: 3.577e-06 seconds
Time taken to build PO edges: 1.871e-06 seconds
Time taken to build RF edges: 3.157e-06 seconds
9
7
Time taken to build MO edges: 7.428e-06 seconds
Time taken to build FR edges: 1.147e-06 seconds
Time taken to build graph: 4.8187e-05 seconds
pwd:"/home/jk/execution-log-parser"
Time taken to categorize entries: 3.557e-06 seconds
Time taken to build PO edges: 1.381e-06 seconds
Time taken to build RF edges: 2.905e-06 seconds
Time taken to build MO edges: 5.256e-06 seconds
Time taken to build FR edges: 7.94e-07 seconds
Time taken to build graph: 5.0448e-05 seconds
Time taken to categorize entries: 3.189e-06 seconds
Time taken to build PO edges: 8.44e-07 seconds
Time taken to build RF edges: 1.886e-06 seconds
Time taken to build MO edges: 2.718e-06 seconds
Time taken to build FR edges: 5.65e-07 seconds
Time taken to build graph: 1.3879e-05 seconds
Time taken to categorize entries: 2.084e-06 seconds
Time taken to build PO edges: 7.54e-07 seconds
Time taken to build RF edges: 1.559e-06 seconds
Time taken to build MO edges: 2.512e-06 seconds
Time taken to build FR edges: 1.368e-06 seconds
Time taken to build graph: 3.2545e-05 seconds
Time taken to categorize entries: 3.425e-06 seconds
Time taken to build PO edges: 1.227e-06 seconds
Time taken to build RF edges: 2.71e-06 seconds
Time taken to build MO edges: 3.969e-06 seconds
Time taken to build FR edges: 1.344e-06 seconds
Time taken to build graph: 4.7643e-05 seconds
Time taken to categorize entries: 3.192e-06 seconds
Time taken to build PO edges: 1.274e-06 seconds
Time taken to build RF edges: 2.724e-06 seconds
Time taken to build MO edges: 3.97e-06 seconds
Time taken to build FR edges: 1.394e-06 seconds
Time taken to build graph: 4.8299e-05 seconds
Time taken to categorize entries: 3.351e-06 seconds
Time taken to build PO edges: 1.227e-06 seconds
Time taken to build RF edges: 2.734e-06 seconds
Time taken to build MO edges: 4.078e-06 seconds
Time taken to build FR edges: 1.421e-06 seconds
Time taken to build graph: 4.7396e-05 seconds
Time taken to categorize entries: 3.344e-06 seconds
Time taken to build PO edges: 1.197e-06 seconds
Time taken to build RF edges: 2.671e-06 seconds
Time taken to build MO edges: 4.057e-06 seconds
Time taken to build FR edges: 1.422e-06 seconds
Time taken to build graph: 4.9909e-05 seconds
Time taken to categorize entries: 3.369e-06 seconds
Time taken to build PO edges: 1.244e-06 seconds
Time taken to build RF edges: 2.782e-06 seconds
Time taken to build MO edges: 4.067e-06 seconds
Time taken to build FR edges: 8.64e-07 seconds
Time taken to build graph: 4.7382e-05 seconds
Time taken to categorize entries: 3.322e-06 seconds
Time taken to build PO edges: 1.245e-06 seconds
Time taken to build RF edges: 2.864e-06 seconds
Time taken to build MO edges: 4.074e-06 seconds
Time taken to build FR edges: 1.388e-06 seconds
Time taken to build graph: 4.9256e-05 seconds
Time taken to categorize entries: 3.381e-06 seconds
Time taken to build PO edges: 1.046e-06 seconds
Time taken to build RF edges: 2.451e-06 seconds
Time taken to build MO edges: 4.506e-06 seconds
Time taken to build FR edges: 1.121e-06 seconds
Time taken to build graph: 3.3733e-05 seconds
pwd:"/home/jk/execution-log-parser"
Time taken to categorize entries: 2.786e-06 seconds
Time taken to build PO edges: 1.297e-06 seconds
Time taken to build RF edges: 2.605e-06 seconds
Time taken to build MO edges: 4.659e-06 seconds
Time taken to build FR edges: 8.17e-07 seconds
Time taken to build graph: 3.6187e-05 seconds
Time taken to categorize entries: 3.037e-06 seconds
Time taken to build PO edges: 1.219e-06 seconds
Time taken to build RF edges: 2.543e-06 seconds
Time taken to build MO edges: 4.39e-06 seconds
Time taken to build FR edges: 1.386e-06 seconds
Time taken to build graph: 4.8383e-05 seconds
Time taken to categorize entries: 3.433e-06 seconds
Time taken to build PO edges: 1.23e-06 seconds
Time taken to build RF edges: 2.557e-06 seconds
Time taken to build MO edges: 4.251e-06 seconds
Time taken to build FR edges: 8.44e-07 seconds
Time taken to build graph: 3.571e-05 seconds
Time taken to categorize entries: 3.168e-06 seconds
Time taken to build PO edges: 1.25e-06 seconds
Time taken to build RF edges: 2.528e-06 seconds
Time taken to build MO edges: 4.187e-06 seconds
Time taken to build FR edges: 1.359e-06 seconds
Time taken to build graph: 4.7595e-05 seconds
Time taken to categorize entries: 3.218e-06 seconds
Time taken to build PO edges: 1.267e-06 seconds
Time taken to build RF edges: 2.529e-06 seconds
Time taken to build MO edges: 4.16e-06 seconds
Time taken to build FR edges: 1.412e-06 seconds
Time taken to build graph: 4.7525e-05 seconds
Time taken to categorize entries: 3.372e-06 seconds
Time taken to build PO edges: 1.169e-06 seconds
Time taken to build RF edges: 2.421e-06 seconds
Time taken to build MO edges: 4.062e-06 seconds
Time taken to build FR edges: 8.51e-07 seconds
Time taken to build graph: 3.6644e-05 seconds
Time taken to categorize entries: 2.935e-06 seconds
Time taken to build PO edges: 1.229e-06 seconds
Time taken to build RF edges: 2.548e-06 seconds
Time taken to build MO edges: 4.273e-06 seconds
Time taken to build FR edges: 1.426e-06 seconds
Time taken to build graph: 4.7253e-05 seconds
Time taken to categorize entries: 3.376e-06 seconds
Time taken to build PO edges: 1.258e-06 seconds
Time taken to build RF edges: 2.507e-06 seconds
Time taken to build MO edges: 4.091e-06 seconds
Time taken to build FR edges: 1.463e-06 seconds
Time taken to build graph: 4.7957e-05 seconds
Time taken to categorize entries: 2.996e-06 seconds
Time taken to build PO edges: 1.207e-06 seconds
Time taken to build RF edges: 2.521e-06 seconds
Time taken to build MO edges: 4.141e-06 seconds
Time taken to build FR edges: 1.414e-06 seconds
Time taken to build graph: 4.7592e-05 seconds
Time taken to categorize entries: 3.202e-06 seconds
Time taken to build PO edges: 1.271e-06 seconds
Time taken to build RF edges: 2.513e-06 seconds
Time taken to build MO edges: 4.137e-06 seconds
Time taken to build FR edges: 1.423e-06 seconds
Time taken to build graph: 4.8168e-05 seconds
[       OK ] SequentialConsistencyTest.test_seq_consistent (5 ms)
[----------] 1 test from SequentialConsistencyTest (5 ms total)

[----------] Global test environment tear-down
[==========] 1 test from 1 test suite ran. (5 ms total)
[  PASSED  ] 1 test.
<end of output>
Test time =   0.01 sec
----------------------------------------------------------
Test Passed.
"test_sequential_consistency" end time: Apr 13 04:13 CEST
"test_sequential_consistency" time elapsed: 00:00:00
----------------------------------------------------------

End testing: Apr 13 04:13 CEST
